
validate:pre:build:
     [echo] Checking for existence of GLOBUS_LOCATION envrironment variable.
     [echo] wscore.relative.dir = ws-core-4.0.3
     [echo] GLOBUS_LOCATION not set, downloading and installing http://gforge.nci.nih.gov/svnroot/commonlibrary/trunk/techstack-2006/os-independent/ws-core-enum-4.0.3.zip
     [echo] c:/apps/ParticipentManager-webapp/ws-core-4.0.3 already exists.

clean:
   [delete] Deleting directory D:\ParticipentManager_BDA\ParticipentManager\software\target\dist
   [delete] Deleting directory D:\ParticipentManager_BDA\ParticipentManager\software\target\temp

init:
     [echo]  ______   ______   _______ 
     [echo] (____  \ (______) (_______)
     [echo]  ____)  ) _     _  _______ 
     [echo] |  __  ( | |   | ||  ___  |
     [echo] | |__)  )| |__/ / | |   | |
     [echo] |______/ |_____/  |_|   |_|
    [mkdir] Created dir: D:\ParticipentManager_BDA\ParticipentManager\software\target\dist
    [mkdir] Created dir: D:\ParticipentManager_BDA\ParticipentManager\software\target\dist\exploded
    [mkdir] Created dir: D:\ParticipentManager_BDA\ParticipentManager\software\target\dist\exploded\ParticipentManager-api
    [mkdir] Created dir: D:\ParticipentManager_BDA\ParticipentManager\software\target\dist\exploded\ParticipentManager-webapp
    [mkdir] Created dir: D:\ParticipentManager_BDA\ParticipentManager\software\target\dist\exploded\common
    [mkdir] Created dir: D:\ParticipentManager_BDA\ParticipentManager\software\target\dist\exploded\tools
    [mkdir] Created dir: D:\ParticipentManager_BDA\ParticipentManager\software\target\temp

build:ParticipentManager-api:

build:ParticipentManager-webapp:

init:
     [echo] Initializing necessary parameters : 
   [delete] Deleting directory D:\ParticipentManager_BDA\ParticipentManager\software\ParticipentManager\classes
    [mkdir] Created dir: D:\ParticipentManager_BDA\ParticipentManager\software\ParticipentManager\classes

compile:
     [echo]  Compiling Participant Manager source code : 
    [javac] Compiling 24 source files to D:\ParticipentManager_BDA\ParticipentManager\software\ParticipentManager\classes
    [javac] Note: Some input files use or override a deprecated API.
    [javac] Note: Recompile with -Xlint:deprecation for details.
    [javac] Note: Some input files use unchecked or unsafe operations.
    [javac] Note: Recompile with -Xlint:unchecked for details.

build_jar:
     [echo] Building Participant Manager project jar : 
[build_jar] Building jar: D:\ParticipentManager_BDA\ParticipentManager\software\ParticipentManager\build\ParticipantManager.jar

dist:

build:all:

BUILD SUCCESSFUL
